Wed May 20 18:07:40 BRT 2015 Thread[main,5,main] Ignored duplicate property derby.module.replication.master in bundleresource://91.fwk1067359420:27/org/apache/derby/modules.properties
Wed May 20 18:07:40 BRT 2015 Thread[main,5,main] Ignored duplicate property derby.module.resultSetStatisticsFactory in bundleresource://91.fwk1067359420:27/org/apache/derby/modules.properties
Wed May 20 18:07:40 BRT 2015 Thread[main,5,main] Ignored duplicate property derby.module.NoneAuthentication in bundleresource://91.fwk1067359420:27/org/apache/derby/modules.properties
Wed May 20 18:07:40 BRT 2015 Thread[main,5,main] Ignored duplicate property derby.module.lockManagerJ6 in bundleresource://91.fwk1067359420:27/org/apache/derby/modules.properties
Wed May 20 18:07:40 BRT 2015 Thread[main,5,main] Ignored duplicate property derby.module.rawStore.log.readonly in bundleresource://91.fwk1067359420:27/org/apache/derby/modules.properties
Wed May 20 18:07:40 BRT 2015 Thread[main,5,main] Ignored duplicate property derby.module.jdbcJ8 in bundleresource://91.fwk1067359420:27/org/apache/derby/modules.properties
Wed May 20 18:07:40 BRT 2015 Thread[main,5,main] Ignored duplicate property derby.module.resourceAdapterJ2 in bundleresource://91.fwk1067359420:27/org/apache/derby/modules.properties
Wed May 20 18:07:40 BRT 2015 Thread[main,5,main] Ignored duplicate property derby.module.validation in bundleresource://91.fwk1067359420:27/org/apache/derby/modules.properties
Wed May 20 18:07:40 BRT 2015 Thread[main,5,main] Ignored duplicate property derby.module.jdbcJ6 in bundleresource://91.fwk1067359420:27/org/apache/derby/modules.properties
Wed May 20 18:07:40 BRT 2015 Thread[main,5,main] Ignored duplicate property derby.module.lcf in bundleresource://91.fwk1067359420:27/org/apache/derby/modules.properties
Wed May 20 18:07:40 BRT 2015 Thread[main,5,main] Ignored duplicate property derby.module.optimizer in bundleresource://91.fwk1067359420:27/org/apache/derby/modules.properties
Wed May 20 18:07:40 BRT 2015 Thread[main,5,main] Ignored duplicate property derby.module.XPLAINFactory in bundleresource://91.fwk1067359420:27/org/apache/derby/modules.properties
Wed May 20 18:07:40 BRT 2015 Thread[main,5,main] Ignored duplicate property derby.module.javaCompiler in bundleresource://91.fwk1067359420:27/org/apache/derby/modules.properties
Wed May 20 18:07:40 BRT 2015 Thread[main,5,main] Ignored duplicate property derby.module.tcf in bundleresource://91.fwk1067359420:27/org/apache/derby/modules.properties
Wed May 20 18:07:40 BRT 2015 Thread[main,5,main] Ignored duplicate property derby.module.dataDictionary in bundleresource://91.fwk1067359420:27/org/apache/derby/modules.properties
Wed May 20 18:07:40 BRT 2015 Thread[main,5,main] Ignored duplicate property derby.env.jdk.cacheManagerJ6 in bundleresource://91.fwk1067359420:27/org/apache/derby/modules.properties
Wed May 20 18:07:40 BRT 2015 Thread[main,5,main] Ignored duplicate property derby.module.ef in bundleresource://91.fwk1067359420:27/org/apache/derby/modules.properties
Wed May 20 18:07:40 BRT 2015 Thread[main,5,main] Ignored duplicate property derby.module.dvfJ2 in bundleresource://91.fwk1067359420:27/org/apache/derby/modules.properties
Wed May 20 18:07:40 BRT 2015 Thread[main,5,main] Ignored duplicate property derby.env.jdk.dvfJ2 in bundleresource://91.fwk1067359420:27/org/apache/derby/modules.properties
Wed May 20 18:07:40 BRT 2015 Thread[main,5,main] Ignored duplicate property derby.module.daemon in bundleresource://91.fwk1067359420:27/org/apache/derby/modules.properties
Wed May 20 18:07:40 BRT 2015 Thread[main,5,main] Ignored duplicate property derby.module.cacheManagerJ6 in bundleresource://91.fwk1067359420:27/org/apache/derby/modules.properties
Wed May 20 18:07:40 BRT 2015 Thread[main,5,main] Ignored duplicate property derby.module.rawStore.data.genericJ4 in bundleresource://91.fwk1067359420:27/org/apache/derby/modules.properties
Wed May 20 18:07:40 BRT 2015 Thread[main,5,main] Ignored duplicate property derby.module.timerJ1 in bundleresource://91.fwk1067359420:27/org/apache/derby/modules.properties
Wed May 20 18:07:40 BRT 2015 Thread[main,5,main] Ignored duplicate property derby.env.jdk.rawStore.data.genericJ4 in bundleresource://91.fwk1067359420:27/org/apache/derby/modules.properties
Wed May 20 18:07:40 BRT 2015 Thread[main,5,main] Ignored duplicate property derby.module.rawStore.data.genericJ1 in bundleresource://91.fwk1067359420:27/org/apache/derby/modules.properties
Wed May 20 18:07:40 BRT 2015 Thread[main,5,main] Ignored duplicate property derby.module.basicAuthentication in bundleresource://91.fwk1067359420:27/org/apache/derby/modules.properties
Wed May 20 18:07:40 BRT 2015 Thread[main,5,main] Ignored duplicate property derby.env.jdk.rawStore.data.genericJ1 in bundleresource://91.fwk1067359420:27/org/apache/derby/modules.properties
Wed May 20 18:07:40 BRT 2015 Thread[main,5,main] Ignored duplicate property derby.env.classes.JNDIAuthentication in bundleresource://91.fwk1067359420:27/org/apache/derby/modules.properties
Wed May 20 18:07:40 BRT 2015 Thread[main,5,main] Ignored duplicate property derby.module.database in bundleresource://91.fwk1067359420:27/org/apache/derby/modules.properties
Wed May 20 18:07:40 BRT 2015 Thread[main,5,main] Ignored duplicate property derby.module.rawStore.transaction in bundleresource://91.fwk1067359420:27/org/apache/derby/modules.properties
Wed May 20 18:07:40 BRT 2015 Thread[main,5,main] Ignored duplicate property derby.module.streams in bundleresource://91.fwk1067359420:27/org/apache/derby/modules.properties
Wed May 20 18:07:40 BRT 2015 Thread[main,5,main] Ignored duplicate property derby.env.classes.dvfJ2 in bundleresource://91.fwk1067359420:27/org/apache/derby/modules.properties
Wed May 20 18:07:40 BRT 2015 Thread[main,5,main] Ignored duplicate property derby.env.jdk.mgmt.jmx in bundleresource://91.fwk1067359420:27/org/apache/derby/modules.properties
Wed May 20 18:07:40 BRT 2015 Thread[main,5,main] Ignored duplicate property derby.module.nativeAuthentication in bundleresource://91.fwk1067359420:27/org/apache/derby/modules.properties
Wed May 20 18:07:40 BRT 2015 Thread[main,5,main] Ignored duplicate property derby.env.jdk.cryptographyJ2 in bundleresource://91.fwk1067359420:27/org/apache/derby/modules.properties
Wed May 20 18:07:40 BRT 2015 Thread[main,5,main] Ignored duplicate property derby.module.access.sort in bundleresource://91.fwk1067359420:27/org/apache/derby/modules.properties
Wed May 20 18:07:40 BRT 2015 Thread[main,5,main] Ignored duplicate property derby.env.classes.jdbcJ8 in bundleresource://91.fwk1067359420:27/org/apache/derby/modules.properties
Wed May 20 18:07:40 BRT 2015 Thread[main,5,main] Ignored duplicate property derby.env.classes.cryptographyJ2 in bundleresource://91.fwk1067359420:27/org/apache/derby/modules.properties
Wed May 20 18:07:40 BRT 2015 Thread[main,5,main] Ignored duplicate property derby.env.classes.jdbcJ6 in bundleresource://91.fwk1067359420:27/org/apache/derby/modules.properties
Wed May 20 18:07:40 BRT 2015 Thread[main,5,main] Ignored duplicate property derby.env.classes.rawStore.data.genericJ4 in bundleresource://91.fwk1067359420:27/org/apache/derby/modules.properties
Wed May 20 18:07:40 BRT 2015 Thread[main,5,main] Ignored duplicate property derby.env.jdk.jdbcJ8 in bundleresource://91.fwk1067359420:27/org/apache/derby/modules.properties
Wed May 20 18:07:40 BRT 2015 Thread[main,5,main] Ignored duplicate property derby.env.jdk.lockManagerJ6 in bundleresource://91.fwk1067359420:27/org/apache/derby/modules.properties
Wed May 20 18:07:40 BRT 2015 Thread[main,5,main] Ignored duplicate property derby.module.cryptographyJ2 in bundleresource://91.fwk1067359420:27/org/apache/derby/modules.properties
Wed May 20 18:07:40 BRT 2015 Thread[main,5,main] Ignored duplicate property derby.env.jdk.jdbcJ6 in bundleresource://91.fwk1067359420:27/org/apache/derby/modules.properties
Wed May 20 18:07:40 BRT 2015 Thread[main,5,main] Ignored duplicate property derby.module.specificAuthentication in bundleresource://91.fwk1067359420:27/org/apache/derby/modules.properties
Wed May 20 18:07:40 BRT 2015 Thread[main,5,main] Ignored duplicate property derby.module.mgmt.jmx in bundleresource://91.fwk1067359420:27/org/apache/derby/modules.properties
Wed May 20 18:07:40 BRT 2015 Thread[main,5,main] Ignored duplicate property derby.module.netServer.autoStart in bundleresource://91.fwk1067359420:27/org/apache/derby/modules.properties
Wed May 20 18:07:40 BRT 2015 Thread[main,5,main] Ignored duplicate property derby.module.access.uniquewithduplicatenullssort in bundleresource://91.fwk1067359420:27/org/apache/derby/modules.properties
Wed May 20 18:07:40 BRT 2015 Thread[main,5,main] Ignored duplicate property derby.module.classManagerJ2 in bundleresource://91.fwk1067359420:27/org/apache/derby/modules.properties
Wed May 20 18:07:40 BRT 2015 Thread[main,5,main] Ignored duplicate property derby.module.JNDIAuthentication in bundleresource://91.fwk1067359420:27/org/apache/derby/modules.properties
Wed May 20 18:07:40 BRT 2015 Thread[main,5,main] Ignored duplicate property derby.module.rawStore.log in bundleresource://91.fwk1067359420:27/org/apache/derby/modules.properties
Wed May 20 18:07:40 BRT 2015 Thread[main,5,main] Ignored duplicate property derby.module.access.heap in bundleresource://91.fwk1067359420:27/org/apache/derby/modules.properties
Wed May 20 18:07:40 BRT 2015 Thread[main,5,main] Ignored duplicate property derby.module.database.slave in bundleresource://91.fwk1067359420:27/org/apache/derby/modules.properties
Wed May 20 18:07:40 BRT 2015 Thread[main,5,main] Ignored duplicate property derby.env.jdk.resourceAdapterJ2 in bundleresource://91.fwk1067359420:27/org/apache/derby/modules.properties
Wed May 20 18:07:40 BRT 2015 Thread[main,5,main] Ignored duplicate property derby.module.mgmt.null in bundleresource://91.fwk1067359420:27/org/apache/derby/modules.properties
Wed May 20 18:07:40 BRT 2015 Thread[main,5,main] Ignored duplicate property derby.env.classes.resourceAdapterJ2 in bundleresource://91.fwk1067359420:27/org/apache/derby/modules.properties
Wed May 20 18:07:40 BRT 2015 Thread[main,5,main] Ignored duplicate property derby.module.access in bundleresource://91.fwk1067359420:27/org/apache/derby/modules.properties
Wed May 20 18:07:40 BRT 2015 Thread[main,5,main] Ignored duplicate property derby.module.replication.slave in bundleresource://91.fwk1067359420:27/org/apache/derby/modules.properties
Wed May 20 18:07:40 BRT 2015 Thread[main,5,main] Ignored duplicate property derby.module.lf in bundleresource://91.fwk1067359420:27/org/apache/derby/modules.properties
Wed May 20 18:07:40 BRT 2015 Thread[main,5,main] Ignored duplicate property derby.module.uuidJ1 in bundleresource://91.fwk1067359420:27/org/apache/derby/modules.properties
Wed May 20 18:07:40 BRT 2015 Thread[main,5,main] Ignored duplicate property derby.module.access.btree in bundleresource://91.fwk1067359420:27/org/apache/derby/modules.properties
Wed May 20 18:07:40 BRT 2015 Thread[main,5,main] Ignored duplicate property derby.module.rawStore in bundleresource://91.fwk1067359420:27/org/apache/derby/modules.properties
